This file contains any messages produced by compilers while
running configure, to aid debugging if configure makes a mistake.

It was created by configure, which was
generated by GNU Autoconf 2.57.  Invocation command line was

  $ ./configure 

## --------- ##
## Platform. ##
## --------- ##

hostname = strogoff
uname -m = i686
uname -r = 2.4.24-ck
uname -s = Linux
uname -v = #1 Wed Jan 14 22:26:29 CET 2004

/usr/bin/uname -p = unknown
/bin/uname -X     = unknown

/bin/arch              = i686
/usr/bin/arch -k       = unknown
/usr/convex/getsysinfo = unknown
hostinfo               = unknown
/bin/machine           = unknown
/usr/bin/oslevel       = unknown
/bin/universe          = unknown

PATH: /bin
PATH: /sbin
PATH: /usr/bin
PATH: /usr/sbin
PATH: /usr/X11R6/bin
PATH: /opt/gnome/bin
PATH: /opt/kde/bin
PATH: /opt/qt/bin
PATH: /opt/bin
PATH: /opt/games/bin
PATH: /usr/Acrobat/bin
PATH: /opt/jre/bin


## ----------- ##
## Core tests. ##
## ----------- ##

configure:1477: checking build system type
configure:1495: result: i686-pc-linux-gnu
configure:1503: checking host system type
configure:1517: result: i686-pc-linux-gnu
configure:1525: checking target system type
configure:1539: result: i686-pc-linux-gnu
configure:1564: checking whether build environment is sane
configure:1607: result: yes
configure:1624: checking for a BSD-compatible install
configure:1678: result: /bin/install -c
configure:1720: checking for gawk
configure:1736: found /usr/bin/gawk
configure:1746: result: gawk
configure:1756: checking whether make sets $(MAKE)
configure:1776: result: yes
configure:1990: checking for gcc
configure:2006: found /usr/bin/gcc
configure:2016: result: gcc
configure:2260: checking for C compiler version
configure:2263: gcc --version </dev/null >&5
gcc (GCC) 3.3.1
Copyright (C) 2003 Free Software Foundation, Inc.
This is free software; see the source for copying conditions.  There is NO
warranty; not even for MERCHANTABILITY or FITNESS FOR A PARTICULAR PURPOSE.

configure:2266: $? = 0
configure:2268: gcc -v </dev/null >&5
Reading specs from /usr/lib/gcc-lib/i686-pc-linux-gnu/3.3.1/specs
Configured with: ../gcc-3.3.1/configure --prefix=/usr
Thread model: posix
gcc version 3.3.1
configure:2271: $? = 0
configure:2273: gcc -V </dev/null >&5
gcc: `-V' option must have argument
configure:2276: $? = 1
configure:2300: checking for C compiler default output
configure:2303: gcc    conftest.c  >&5
configure:2306: $? = 0
configure:2352: result: a.out
configure:2357: checking whether the C compiler works
configure:2363: ./a.out
configure:2366: $? = 0
configure:2383: result: yes
configure:2390: checking whether we are cross compiling
configure:2392: result: no
configure:2395: checking for suffix of executables
configure:2397: gcc -o conftest    conftest.c  >&5
configure:2400: $? = 0
configure:2425: result: 
configure:2431: checking for suffix of object files
configure:2453: gcc -c   conftest.c >&5
configure:2456: $? = 0
configure:2478: result: o
configure:2482: checking whether we are using the GNU C compiler
configure:2507: gcc -c   conftest.c >&5
configure:2510: $? = 0
configure:2513: test -s conftest.o
configure:2516: $? = 0
configure:2529: result: yes
configure:2535: checking whether gcc accepts -g
configure:2557: gcc -c -g  conftest.c >&5
configure:2560: $? = 0
configure:2563: test -s conftest.o
configure:2566: $? = 0
configure:2577: result: yes
configure:2594: checking for gcc option to accept ANSI C
configure:2655: gcc  -c -g -O2  conftest.c >&5
configure:2658: $? = 0
configure:2661: test -s conftest.o
configure:2664: $? = 0
configure:2682: result: none needed
configure:2700: gcc -c -g -O2  conftest.c >&5
conftest.c:2: error: parse error before "me"
configure:2703: $? = 1
configure: failed program was:
| #ifndef __cplusplus
|   choke me
| #endif
configure:2823: checking for style of include used by make
configure:2851: result: GNU
configure:2879: checking dependency style of gcc
configure:2962: result: gcc3
configure:3067: checking for ld used by GCC
configure:3130: result: /usr/bin/ld
configure:3139: checking if the linker (/usr/bin/ld) is GNU ld
GNU ld version 2.13
configure:3151: result: yes
configure:3156: checking for /usr/bin/ld option to reload object files
configure:3163: result: -r
configure:3168: checking for BSD-compatible nm
configure:3204: result: /usr/bin/nm -B
configure:3207: checking whether ln -s works
configure:3211: result: yes
configure:3218: checking how to recognise dependant libraries
configure:3396: result: pass_all
configure:3409: checking command to parse /usr/bin/nm -B output
configure:3490: gcc -c -g -O2  conftest.c >&5
configure:3493: $? = 0
configure:3497: /usr/bin/nm -B conftest.o \| sed -n -e 's/^.*[ 	]\([ABCDGISTW][ABCDGISTW]*\)[ 	][ 	]*\(\)\([_A-Za-z][_A-Za-z0-9]*\)$/\1 \2\3 \3/p' \> conftest.nm
configure:3500: $? = 0
configure:3552: gcc -o conftest -g -O2   conftest.c conftstm.o >&5
configure:3555: $? = 0
configure:3599: result: ok
configure:3608: checking how to run the C preprocessor
configure:3644: gcc -E  conftest.c
configure:3650: $? = 0
configure:3682: gcc -E  conftest.c
configure:3681:28: ac_nonexistent.h: No such file or directory
configure:3688: $? = 1
configure: failed program was:
| #line 3673 "configure"
| /* confdefs.h.  */
| 
| #define PACKAGE_NAME ""
| #define PACKAGE_TARNAME ""
| #define PACKAGE_VERSION ""
| #define PACKAGE_STRING ""
| #define PACKAGE_BUGREPORT ""
| /* end confdefs.h.  */
| #include <ac_nonexistent.h>
configure:3726: result: gcc -E
configure:3751: gcc -E  conftest.c
configure:3757: $? = 0
configure:3789: gcc -E  conftest.c
configure:3788:28: ac_nonexistent.h: No such file or directory
configure:3795: $? = 1
configure: failed program was:
| #line 3780 "configure"
| /* confdefs.h.  */
| 
| #define PACKAGE_NAME ""
| #define PACKAGE_TARNAME ""
| #define PACKAGE_VERSION ""
| #define PACKAGE_STRING ""
| #define PACKAGE_BUGREPORT ""
| /* end confdefs.h.  */
| #include <ac_nonexistent.h>
configure:3838: checking for egrep
configure:3848: result: grep -E
configure:3853: checking for ANSI C header files
configure:3879: gcc -c -g -O2  conftest.c >&5
configure:3882: $? = 0
configure:3885: test -s conftest.o
configure:3888: $? = 0
configure:3977: gcc -o conftest -g -O2   conftest.c  >&5
configure:3980: $? = 0
configure:3982: ./conftest
configure:3985: $? = 0
configure:4000: result: yes
configure:4024: checking for sys/types.h
configure:4041: gcc -c -g -O2  conftest.c >&5
configure:4044: $? = 0
configure:4047: test -s conftest.o
configure:4050: $? = 0
configure:4061: result: yes
configure:4024: checking for sys/stat.h
configure:4041: gcc -c -g -O2  conftest.c >&5
configure:4044: $? = 0
configure:4047: test -s conftest.o
configure:4050: $? = 0
configure:4061: result: yes
configure:4024: checking for stdlib.h
configure:4041: gcc -c -g -O2  conftest.c >&5
configure:4044: $? = 0
configure:4047: test -s conftest.o
configure:4050: $? = 0
configure:4061: result: yes
configure:4024: checking for string.h
configure:4041: gcc -c -g -O2  conftest.c >&5
configure:4044: $? = 0
configure:4047: test -s conftest.o
configure:4050: $? = 0
configure:4061: result: yes
configure:4024: checking for memory.h
configure:4041: gcc -c -g -O2  conftest.c >&5
configure:4044: $? = 0
configure:4047: test -s conftest.o
configure:4050: $? = 0
configure:4061: result: yes
configure:4024: checking for strings.h
configure:4041: gcc -c -g -O2  conftest.c >&5
configure:4044: $? = 0
configure:4047: test -s conftest.o
configure:4050: $? = 0
configure:4061: result: yes
configure:4024: checking for inttypes.h
configure:4041: gcc -c -g -O2  conftest.c >&5
configure:4044: $? = 0
configure:4047: test -s conftest.o
configure:4050: $? = 0
configure:4061: result: yes
configure:4024: checking for stdint.h
configure:4041: gcc -c -g -O2  conftest.c >&5
configure:4044: $? = 0
configure:4047: test -s conftest.o
configure:4050: $? = 0
configure:4061: result: yes
configure:4024: checking for unistd.h
configure:4041: gcc -c -g -O2  conftest.c >&5
configure:4044: $? = 0
configure:4047: test -s conftest.o
configure:4050: $? = 0
configure:4061: result: yes
configure:4087: checking dlfcn.h usability
configure:4100: gcc -c -g -O2  conftest.c >&5
configure:4103: $? = 0
configure:4106: test -s conftest.o
configure:4109: $? = 0
configure:4119: result: yes
configure:4123: checking dlfcn.h presence
configure:4134: gcc -E  conftest.c
configure:4140: $? = 0
configure:4159: result: yes
configure:4195: checking for dlfcn.h
configure:4202: result: yes
configure:4399: checking for ranlib
configure:4415: found /usr/bin/ranlib
configure:4426: result: ranlib
configure:4479: checking for strip
configure:4495: found /usr/bin/strip
configure:4506: result: strip
configure:4716: checking for objdir
configure:4727: result: .libs
configure:4744: checking for gcc option to produce PIC
configure:4894: result: -fPIC
configure:4898: checking if gcc PIC flag -fPIC works
configure:4922: gcc -c -g -O2 -fPIC -DPIC  conftest.c >&5
configure:4925: $? = 0
configure:4928: test -s conftest.o
configure:4931: $? = 0
configure:4969: result: yes
configure:4985: checking if gcc static flag -static works
configure:5010: gcc -o conftest -g -O2   -static conftest.c  >&5
configure:5013: $? = 0
configure:5016: test -s conftest
configure:5019: $? = 0
configure:5035: result: yes
configure:5047: checking if gcc supports -c -o file.o
configure:5070: gcc -c -g -O2 -o out/conftest2.o  conftest.c >&5
configure:5091: result: yes
configure:5096: checking if gcc supports -c -o file.lo
configure:5124: gcc -c -g -O2 -c -o conftest.lo  conftest.c >&5
configure:5127: $? = 0
configure:5130: test -s conftest.lo
configure:5133: $? = 0
configure:5155: result: yes
configure:5186: checking if gcc supports -fno-rtti -fno-exceptions
configure:5209: gcc -c -g -O2 -fno-rtti -fno-exceptions -c conftest.c  conftest.c >&5
cc1: warning: "-fno-rtti" is valid for C++ but not for C/ObjC
cc1: warning: "-fno-rtti" is valid for C++ but not for C/ObjC
configure:5212: $? = 0
configure:5215: test -s conftest.o
configure:5218: $? = 0
configure:5235: result: yes
configure:5246: checking whether the linker (/usr/bin/ld) supports shared libraries
configure:5926: result: yes
configure:5931: checking how to hardcode library paths into programs
configure:5955: result: immediate
configure:5960: checking whether stripping libraries is possible
configure:5965: result: yes
configure:5976: checking dynamic linker characteristics
configure:6369: result: GNU/Linux ld.so
configure:6374: checking if libtool supports shared libraries
configure:6376: result: yes
configure:6379: checking whether to build shared libraries
configure:6400: result: yes
configure:6403: checking whether to build static libraries
configure:6407: result: yes
configure:7081: checking whether -lc should be explicitly linked in
configure:7089: gcc -c -g -O2  conftest.c >&5
configure:7092: $? = 0
configure:7106: gcc -shared conftest.o  -v -Wl,-soname -Wl,conftest -o conftest 2\>\&1 \| grep  -lc  \>/dev/null 2\>\&1
configure:7109: $? = 0
configure:7122: result: no
configure:7697: checking for cos in -lm
configure:7728: gcc -o conftest -g -O2   conftest.c -lm   >&5
configure:7730: warning: conflicting types for built-in function `cos'
configure:7731: $? = 0
configure:7734: test -s conftest
configure:7737: $? = 0
configure:7749: result: yes
configure:7766: checking for ANSI C header files
configure:7913: result: yes
configure:7929: checking for string.h
configure:7934: result: yes
configure:7938: checking math.h usability
configure:7951: gcc -c -g -O2  conftest.c >&5
configure:7954: $? = 0
configure:7957: test -s conftest.o
configure:7960: $? = 0
configure:7970: result: yes
configure:7974: checking math.h presence
configure:7985: gcc -E  conftest.c
configure:7991: $? = 0
configure:8010: result: yes
configure:8046: checking for math.h
configure:8053: result: yes
configure:8070: checking for ImageMagick support ......
configure:8089: checking magick/api.h usability
configure:8102: gcc -c -g -O2  conftest.c >&5
configure:8105: $? = 0
configure:8108: test -s conftest.o
configure:8111: $? = 0
configure:8121: result: yes
configure:8125: checking magick/api.h presence
configure:8136: gcc -E  conftest.c
configure:8142: $? = 0
configure:8161: result: yes
configure:8197: checking for magick/api.h
configure:8204: result: yes
configure:8215: checking for ExportImagePixels in -lMagick
configure:8246: gcc -o conftest -g -O2   conftest.c -lMagick  -lm  >&5
configure:8249: $? = 0
configure:8252: test -s conftest
configure:8255: $? = 0
configure:8267: result: yes
configure:8275: checking for ImportImagePixels in -lMagick
configure:8306: gcc -o conftest -g -O2   conftest.c -lMagick  -lm  >&5
configure:8309: $? = 0
configure:8312: test -s conftest
configure:8315: $? = 0
configure:8327: result: yes
configure:8335: checking if ImageMagick package is complete
configure:8349: result: yes
configure:8364: checking for short
configure:8389: gcc -c -g -O2  conftest.c >&5
configure:8392: $? = 0
configure:8395: test -s conftest.o
configure:8398: $? = 0
configure:8409: result: yes
configure:8412: checking size of short
configure:8687: gcc -o conftest -g -O2   conftest.c -lm  >&5
configure:8690: $? = 0
configure:8692: ./conftest
configure:8695: $? = 0
configure:8718: result: 2
configure:8727: checking for unsigned short
configure:8752: gcc -c -g -O2  conftest.c >&5
configure:8755: $? = 0
configure:8758: test -s conftest.o
configure:8761: $? = 0
configure:8772: result: yes
configure:8775: checking size of unsigned short
configure:9050: gcc -o conftest -g -O2   conftest.c -lm  >&5
configure:9053: $? = 0
configure:9055: ./conftest
configure:9058: $? = 0
configure:9081: result: 2
configure:9090: checking for int
configure:9115: gcc -c -g -O2  conftest.c >&5
configure:9118: $? = 0
configure:9121: test -s conftest.o
configure:9124: $? = 0
configure:9135: result: yes
configure:9138: checking size of int
configure:9413: gcc -o conftest -g -O2   conftest.c -lm  >&5
configure:9416: $? = 0
configure:9418: ./conftest
configure:9421: $? = 0
configure:9444: result: 4
configure:9453: checking for unsigned int
configure:9478: gcc -c -g -O2  conftest.c >&5
configure:9481: $? = 0
configure:9484: test -s conftest.o
configure:9487: $? = 0
configure:9498: result: yes
configure:9501: checking size of unsigned int
configure:9776: gcc -o conftest -g -O2   conftest.c -lm  >&5
configure:9779: $? = 0
configure:9781: ./conftest
configure:9784: $? = 0
configure:9807: result: 4
configure:9816: checking for long
configure:9841: gcc -c -g -O2  conftest.c >&5
configure:9844: $? = 0
configure:9847: test -s conftest.o
configure:9850: $? = 0
configure:9861: result: yes
configure:9864: checking size of long
configure:10139: gcc -o conftest -g -O2   conftest.c -lm  >&5
configure:10142: $? = 0
configure:10144: ./conftest
configure:10147: $? = 0
configure:10170: result: 4
configure:10179: checking for unsigned long
configure:10204: gcc -c -g -O2  conftest.c >&5
configure:10207: $? = 0
configure:10210: test -s conftest.o
configure:10213: $? = 0
configure:10224: result: yes
configure:10227: checking size of unsigned long
configure:10502: gcc -o conftest -g -O2   conftest.c -lm  >&5
configure:10505: $? = 0
configure:10507: ./conftest
configure:10510: $? = 0
configure:10533: result: 4
configure:10543: checking for long long
configure:10568: gcc -c -g -O2  conftest.c >&5
configure:10571: $? = 0
configure:10574: test -s conftest.o
configure:10577: $? = 0
configure:10588: result: yes
configure:10591: checking size of long long
configure:10866: gcc -o conftest -g -O2   conftest.c -lm  >&5
configure:10869: $? = 0
configure:10871: ./conftest
configure:10874: $? = 0
configure:10897: result: 8
configure:10908: checking for unsigned long long
configure:10933: gcc -c -g -O2  conftest.c >&5
configure:10936: $? = 0
configure:10939: test -s conftest.o
configure:10942: $? = 0
configure:10953: result: yes
configure:10956: checking size of unsigned long long
configure:11231: gcc -o conftest -g -O2   conftest.c -lm  >&5
configure:11234: $? = 0
configure:11236: ./conftest
configure:11239: $? = 0
configure:11262: result: 8
configure:11271: checking for uint
configure:11296: gcc -c -g -O2  conftest.c >&5
configure:11299: $? = 0
configure:11302: test -s conftest.o
configure:11305: $? = 0
configure:11316: result: yes
configure:11328: checking for byte
configure:11353: gcc -c -g -O2  conftest.c >&5
configure: In function `main':
configure:11403: error: `byte' undeclared (first use in this function)
configure:11403: error: (Each undeclared identifier is reported only once
configure:11403: error: for each function it appears in.)
configure:11403: error: parse error before ')' token
configure:11356: $? = 1
configure: failed program was:
| #line 11333 "configure"
| /* confdefs.h.  */
| 
| #define PACKAGE_NAME ""
| #define PACKAGE_TARNAME ""
| #define PACKAGE_VERSION ""
| #define PACKAGE_STRING ""
| #define PACKAGE_BUGREPORT ""
| #define STDC_HEADERS 1
| #define HAVE_SYS_TYPES_H 1
| #define HAVE_SYS_STAT_H 1
| #define HAVE_STDLIB_H 1
| #define HAVE_STRING_H 1
| #define HAVE_MEMORY_H 1
| #define HAVE_STRINGS_H 1
| #define HAVE_INTTYPES_H 1
| #define HAVE_STDINT_H 1
| #define HAVE_UNISTD_H 1
| #define HAVE_DLFCN_H 1
| #define HAVE_LIBM 1
| #define STDC_HEADERS 1
| #define HAVE_STRING_H 1
| #define HAVE_MATH_H 1
| #define HAVE_LIBMAGICK 1
| #define HAVE_LIBMAGICK 1
| #define SIZEOF_SHORT 2
| #define SIZEOF_UNSIGNED_SHORT 2
| #define SIZEOF_INT 4
| #define SIZEOF_UNSIGNED_INT 4
| #define SIZEOF_LONG 4
| #define SIZEOF_UNSIGNED_LONG 4
| #define SIZEOF_LONG_LONG 8
| #define SIZEOF_UNSIGNED_LONG_LONG 8
| /* end confdefs.h.  */
| #include <stdio.h>
| #if HAVE_SYS_TYPES_H
| # include <sys/types.h>
| #endif
| #if HAVE_SYS_STAT_H
| # include <sys/stat.h>
| #endif
| #if STDC_HEADERS
| # include <stdlib.h>
| # include <stddef.h>
| #else
| # if HAVE_STDLIB_H
| #  include <stdlib.h>
| # endif
| #endif
| #if HAVE_STRING_H
| # if !STDC_HEADERS && HAVE_MEMORY_H
| #  include <memory.h>
| # endif
| # include <string.h>
| #endif
| #if HAVE_STRINGS_H
| # include <strings.h>
| #endif
| #if HAVE_INTTYPES_H
| # include <inttypes.h>
| #else
| # if HAVE_STDINT_H
| #  include <stdint.h>
| # endif
| #endif
| #if HAVE_UNISTD_H
| # include <unistd.h>
| #endif
| int
| main ()
| {
| if ((byte *) 0)
|   return 0;
| if (sizeof (byte))
|   return 0;
|   ;
|   return 0;
| }
configure:11373: result: no
configure:11385: checking for ubyte
configure:11410: gcc -c -g -O2  conftest.c >&5
configure: In function `main':
configure:11461: error: `ubyte' undeclared (first use in this function)
configure:11461: error: (Each undeclared identifier is reported only once
configure:11461: error: for each function it appears in.)
configure:11461: error: parse error before ')' token
configure:11413: $? = 1
configure: failed program was:
| #line 11390 "configure"
| /* confdefs.h.  */
| 
| #define PACKAGE_NAME ""
| #define PACKAGE_TARNAME ""
| #define PACKAGE_VERSION ""
| #define PACKAGE_STRING ""
| #define PACKAGE_BUGREPORT ""
| #define STDC_HEADERS 1
| #define HAVE_SYS_TYPES_H 1
| #define HAVE_SYS_STAT_H 1
| #define HAVE_STDLIB_H 1
| #define HAVE_STRING_H 1
| #define HAVE_MEMORY_H 1
| #define HAVE_STRINGS_H 1
| #define HAVE_INTTYPES_H 1
| #define HAVE_STDINT_H 1
| #define HAVE_UNISTD_H 1
| #define HAVE_DLFCN_H 1
| #define HAVE_LIBM 1
| #define STDC_HEADERS 1
| #define HAVE_STRING_H 1
| #define HAVE_MATH_H 1
| #define HAVE_LIBMAGICK 1
| #define HAVE_LIBMAGICK 1
| #define SIZEOF_SHORT 2
| #define SIZEOF_UNSIGNED_SHORT 2
| #define SIZEOF_INT 4
| #define SIZEOF_UNSIGNED_INT 4
| #define SIZEOF_LONG 4
| #define SIZEOF_UNSIGNED_LONG 4
| #define SIZEOF_LONG_LONG 8
| #define SIZEOF_UNSIGNED_LONG_LONG 8
| #define byte char
| /* end confdefs.h.  */
| #include <stdio.h>
| #if HAVE_SYS_TYPES_H
| # include <sys/types.h>
| #endif
| #if HAVE_SYS_STAT_H
| # include <sys/stat.h>
| #endif
| #if STDC_HEADERS
| # include <stdlib.h>
| # include <stddef.h>
| #else
| # if HAVE_STDLIB_H
| #  include <stdlib.h>
| # endif
| #endif
| #if HAVE_STRING_H
| # if !STDC_HEADERS && HAVE_MEMORY_H
| #  include <memory.h>
| # endif
| # include <string.h>
| #endif
| #if HAVE_STRINGS_H
| # include <strings.h>
| #endif
| #if HAVE_INTTYPES_H
| # include <inttypes.h>
| #else
| # if HAVE_STDINT_H
| #  include <stdint.h>
| # endif
| #endif
| #if HAVE_UNISTD_H
| # include <unistd.h>
| #endif
| int
| main ()
| {
| if ((ubyte *) 0)
|   return 0;
| if (sizeof (ubyte))
|   return 0;
|   ;
|   return 0;
| }
configure:11430: result: no
configure:11442: checking for short
configure:11487: result: yes
configure:11499: checking for ushort
configure:11524: gcc -c -g -O2  conftest.c >&5
configure:11527: $? = 0
configure:11530: test -s conftest.o
configure:11533: $? = 0
configure:11544: result: yes
configure:11556: checking for ulong
configure:11581: gcc -c -g -O2  conftest.c >&5
configure:11584: $? = 0
configure:11587: test -s conftest.o
configure:11590: $? = 0
configure:11601: result: yes
configure:11613: checking for int8
configure:11638: gcc -c -g -O2  conftest.c >&5
configure: In function `main':
configure:11690: error: `int8' undeclared (first use in this function)
configure:11690: error: (Each undeclared identifier is reported only once
configure:11690: error: for each function it appears in.)
configure:11690: error: parse error before ')' token
configure:11641: $? = 1
configure: failed program was:
| #line 11618 "configure"
| /* confdefs.h.  */
| 
| #define PACKAGE_NAME ""
| #define PACKAGE_TARNAME ""
| #define PACKAGE_VERSION ""
| #define PACKAGE_STRING ""
| #define PACKAGE_BUGREPORT ""
| #define STDC_HEADERS 1
| #define HAVE_SYS_TYPES_H 1
| #define HAVE_SYS_STAT_H 1
| #define HAVE_STDLIB_H 1
| #define HAVE_STRING_H 1
| #define HAVE_MEMORY_H 1
| #define HAVE_STRINGS_H 1
| #define HAVE_INTTYPES_H 1
| #define HAVE_STDINT_H 1
| #define HAVE_UNISTD_H 1
| #define HAVE_DLFCN_H 1
| #define HAVE_LIBM 1
| #define STDC_HEADERS 1
| #define HAVE_STRING_H 1
| #define HAVE_MATH_H 1
| #define HAVE_LIBMAGICK 1
| #define HAVE_LIBMAGICK 1
| #define SIZEOF_SHORT 2
| #define SIZEOF_UNSIGNED_SHORT 2
| #define SIZEOF_INT 4
| #define SIZEOF_UNSIGNED_INT 4
| #define SIZEOF_LONG 4
| #define SIZEOF_UNSIGNED_LONG 4
| #define SIZEOF_LONG_LONG 8
| #define SIZEOF_UNSIGNED_LONG_LONG 8
| #define byte char
| #define ubyte unsigned char
| /* end confdefs.h.  */
| #include <stdio.h>
| #if HAVE_SYS_TYPES_H
| # include <sys/types.h>
| #endif
| #if HAVE_SYS_STAT_H
| # include <sys/stat.h>
| #endif
| #if STDC_HEADERS
| # include <stdlib.h>
| # include <stddef.h>
| #else
| # if HAVE_STDLIB_H
| #  include <stdlib.h>
| # endif
| #endif
| #if HAVE_STRING_H
| # if !STDC_HEADERS && HAVE_MEMORY_H
| #  include <memory.h>
| # endif
| # include <string.h>
| #endif
| #if HAVE_STRINGS_H
| # include <strings.h>
| #endif
| #if HAVE_INTTYPES_H
| # include <inttypes.h>
| #else
| # if HAVE_STDINT_H
| #  include <stdint.h>
| # endif
| #endif
| #if HAVE_UNISTD_H
| # include <unistd.h>
| #endif
| int
| main ()
| {
| if ((int8 *) 0)
|   return 0;
| if (sizeof (int8))
|   return 0;
|   ;
|   return 0;
| }
configure:11658: result: no
configure:11670: checking for uint8
configure:11695: gcc -c -g -O2  conftest.c >&5
configure: In function `main':
configure:11748: error: `uint8' undeclared (first use in this function)
configure:11748: error: (Each undeclared identifier is reported only once
configure:11748: error: for each function it appears in.)
configure:11748: error: parse error before ')' token
configure:11698: $? = 1
configure: failed program was:
| #line 11675 "configure"
| /* confdefs.h.  */
| 
| #define PACKAGE_NAME ""
| #define PACKAGE_TARNAME ""
| #define PACKAGE_VERSION ""
| #define PACKAGE_STRING ""
| #define PACKAGE_BUGREPORT ""
| #define STDC_HEADERS 1
| #define HAVE_SYS_TYPES_H 1
| #define HAVE_SYS_STAT_H 1
| #define HAVE_STDLIB_H 1
| #define HAVE_STRING_H 1
| #define HAVE_MEMORY_H 1
| #define HAVE_STRINGS_H 1
| #define HAVE_INTTYPES_H 1
| #define HAVE_STDINT_H 1
| #define HAVE_UNISTD_H 1
| #define HAVE_DLFCN_H 1
| #define HAVE_LIBM 1
| #define STDC_HEADERS 1
| #define HAVE_STRING_H 1
| #define HAVE_MATH_H 1
| #define HAVE_LIBMAGICK 1
| #define HAVE_LIBMAGICK 1
| #define SIZEOF_SHORT 2
| #define SIZEOF_UNSIGNED_SHORT 2
| #define SIZEOF_INT 4
| #define SIZEOF_UNSIGNED_INT 4
| #define SIZEOF_LONG 4
| #define SIZEOF_UNSIGNED_LONG 4
| #define SIZEOF_LONG_LONG 8
| #define SIZEOF_UNSIGNED_LONG_LONG 8
| #define byte char
| #define ubyte unsigned char
| #define int8 char
| /* end confdefs.h.  */
| #include <stdio.h>
| #if HAVE_SYS_TYPES_H
| # include <sys/types.h>
| #endif
| #if HAVE_SYS_STAT_H
| # include <sys/stat.h>
| #endif
| #if STDC_HEADERS
| # include <stdlib.h>
| # include <stddef.h>
| #else
| # if HAVE_STDLIB_H
| #  include <stdlib.h>
| # endif
| #endif
| #if HAVE_STRING_H
| # if !STDC_HEADERS && HAVE_MEMORY_H
| #  include <memory.h>
| # endif
| # include <string.h>
| #endif
| #if HAVE_STRINGS_H
| # include <strings.h>
| #endif
| #if HAVE_INTTYPES_H
| # include <inttypes.h>
| #else
| # if HAVE_STDINT_H
| #  include <stdint.h>
| # endif
| #endif
| #if HAVE_UNISTD_H
| # include <unistd.h>
| #endif
| int
| main ()
| {
| if ((uint8 *) 0)
|   return 0;
| if (sizeof (uint8))
|   return 0;
|   ;
|   return 0;
| }
configure:11715: result: no
configure:11727: checking for int16
configure:11752: gcc -c -g -O2  conftest.c >&5
configure: In function `main':
configure:11806: error: `int16' undeclared (first use in this function)
configure:11806: error: (Each undeclared identifier is reported only once
configure:11806: error: for each function it appears in.)
configure:11806: error: parse error before ')' token
configure:11755: $? = 1
configure: failed program was:
| #line 11732 "configure"
| /* confdefs.h.  */
| 
| #define PACKAGE_NAME ""
| #define PACKAGE_TARNAME ""
| #define PACKAGE_VERSION ""
| #define PACKAGE_STRING ""
| #define PACKAGE_BUGREPORT ""
| #define STDC_HEADERS 1
| #define HAVE_SYS_TYPES_H 1
| #define HAVE_SYS_STAT_H 1
| #define HAVE_STDLIB_H 1
| #define HAVE_STRING_H 1
| #define HAVE_MEMORY_H 1
| #define HAVE_STRINGS_H 1
| #define HAVE_INTTYPES_H 1
| #define HAVE_STDINT_H 1
| #define HAVE_UNISTD_H 1
| #define HAVE_DLFCN_H 1
| #define HAVE_LIBM 1
| #define STDC_HEADERS 1
| #define HAVE_STRING_H 1
| #define HAVE_MATH_H 1
| #define HAVE_LIBMAGICK 1
| #define HAVE_LIBMAGICK 1
| #define SIZEOF_SHORT 2
| #define SIZEOF_UNSIGNED_SHORT 2
| #define SIZEOF_INT 4
| #define SIZEOF_UNSIGNED_INT 4
| #define SIZEOF_LONG 4
| #define SIZEOF_UNSIGNED_LONG 4
| #define SIZEOF_LONG_LONG 8
| #define SIZEOF_UNSIGNED_LONG_LONG 8
| #define byte char
| #define ubyte unsigned char
| #define int8 char
| #define uint8 unsigned char
| /* end confdefs.h.  */
| #include <stdio.h>
| #if HAVE_SYS_TYPES_H
| # include <sys/types.h>
| #endif
| #if HAVE_SYS_STAT_H
| # include <sys/stat.h>
| #endif
| #if STDC_HEADERS
| # include <stdlib.h>
| # include <stddef.h>
| #else
| # if HAVE_STDLIB_H
| #  include <stdlib.h>
| # endif
| #endif
| #if HAVE_STRING_H
| # if !STDC_HEADERS && HAVE_MEMORY_H
| #  include <memory.h>
| # endif
| # include <string.h>
| #endif
| #if HAVE_STRINGS_H
| # include <strings.h>
| #endif
| #if HAVE_INTTYPES_H
| # include <inttypes.h>
| #else
| # if HAVE_STDINT_H
| #  include <stdint.h>
| # endif
| #endif
| #if HAVE_UNISTD_H
| # include <unistd.h>
| #endif
| int
| main ()
| {
| if ((int16 *) 0)
|   return 0;
| if (sizeof (int16))
|   return 0;
|   ;
|   return 0;
| }
configure:11772: result: no
configure:11784: checking for uint16
configure:11809: gcc -c -g -O2  conftest.c >&5
configure: In function `main':
configure:11864: error: `uint16' undeclared (first use in this function)
configure:11864: error: (Each undeclared identifier is reported only once
configure:11864: error: for each function it appears in.)
configure:11864: error: parse error before ')' token
configure:11812: $? = 1
configure: failed program was:
| #line 11789 "configure"
| /* confdefs.h.  */
| 
| #define PACKAGE_NAME ""
| #define PACKAGE_TARNAME ""
| #define PACKAGE_VERSION ""
| #define PACKAGE_STRING ""
| #define PACKAGE_BUGREPORT ""
| #define STDC_HEADERS 1
| #define HAVE_SYS_TYPES_H 1
| #define HAVE_SYS_STAT_H 1
| #define HAVE_STDLIB_H 1
| #define HAVE_STRING_H 1
| #define HAVE_MEMORY_H 1
| #define HAVE_STRINGS_H 1
| #define HAVE_INTTYPES_H 1
| #define HAVE_STDINT_H 1
| #define HAVE_UNISTD_H 1
| #define HAVE_DLFCN_H 1
| #define HAVE_LIBM 1
| #define STDC_HEADERS 1
| #define HAVE_STRING_H 1
| #define HAVE_MATH_H 1
| #define HAVE_LIBMAGICK 1
| #define HAVE_LIBMAGICK 1
| #define SIZEOF_SHORT 2
| #define SIZEOF_UNSIGNED_SHORT 2
| #define SIZEOF_INT 4
| #define SIZEOF_UNSIGNED_INT 4
| #define SIZEOF_LONG 4
| #define SIZEOF_UNSIGNED_LONG 4
| #define SIZEOF_LONG_LONG 8
| #define SIZEOF_UNSIGNED_LONG_LONG 8
| #define byte char
| #define ubyte unsigned char
| #define int8 char
| #define uint8 unsigned char
| #define int16 short
| /* end confdefs.h.  */
| #include <stdio.h>
| #if HAVE_SYS_TYPES_H
| # include <sys/types.h>
| #endif
| #if HAVE_SYS_STAT_H
| # include <sys/stat.h>
| #endif
| #if STDC_HEADERS
| # include <stdlib.h>
| # include <stddef.h>
| #else
| # if HAVE_STDLIB_H
| #  include <stdlib.h>
| # endif
| #endif
| #if HAVE_STRING_H
| # if !STDC_HEADERS && HAVE_MEMORY_H
| #  include <memory.h>
| # endif
| # include <string.h>
| #endif
| #if HAVE_STRINGS_H
| # include <strings.h>
| #endif
| #if HAVE_INTTYPES_H
| # include <inttypes.h>
| #else
| # if HAVE_STDINT_H
| #  include <stdint.h>
| # endif
| #endif
| #if HAVE_UNISTD_H
| # include <unistd.h>
| #endif
| int
| main ()
| {
| if ((uint16 *) 0)
|   return 0;
| if (sizeof (uint16))
|   return 0;
|   ;
|   return 0;
| }
configure:11829: result: no
configure:11841: checking for int32
configure:11866: gcc -c -g -O2  conftest.c >&5
configure: In function `main':
configure:11922: error: `int32' undeclared (first use in this function)
configure:11922: error: (Each undeclared identifier is reported only once
configure:11922: error: for each function it appears in.)
configure:11922: error: parse error before ')' token
configure:11869: $? = 1
configure: failed program was:
| #line 11846 "configure"
| /* confdefs.h.  */
| 
| #define PACKAGE_NAME ""
| #define PACKAGE_TARNAME ""
| #define PACKAGE_VERSION ""
| #define PACKAGE_STRING ""
| #define PACKAGE_BUGREPORT ""
| #define STDC_HEADERS 1
| #define HAVE_SYS_TYPES_H 1
| #define HAVE_SYS_STAT_H 1
| #define HAVE_STDLIB_H 1
| #define HAVE_STRING_H 1
| #define HAVE_MEMORY_H 1
| #define HAVE_STRINGS_H 1
| #define HAVE_INTTYPES_H 1
| #define HAVE_STDINT_H 1
| #define HAVE_UNISTD_H 1
| #define HAVE_DLFCN_H 1
| #define HAVE_LIBM 1
| #define STDC_HEADERS 1
| #define HAVE_STRING_H 1
| #define HAVE_MATH_H 1
| #define HAVE_LIBMAGICK 1
| #define HAVE_LIBMAGICK 1
| #define SIZEOF_SHORT 2
| #define SIZEOF_UNSIGNED_SHORT 2
| #define SIZEOF_INT 4
| #define SIZEOF_UNSIGNED_INT 4
| #define SIZEOF_LONG 4
| #define SIZEOF_UNSIGNED_LONG 4
| #define SIZEOF_LONG_LONG 8
| #define SIZEOF_UNSIGNED_LONG_LONG 8
| #define byte char
| #define ubyte unsigned char
| #define int8 char
| #define uint8 unsigned char
| #define int16 short
| #define uint16 unsigned short
| /* end confdefs.h.  */
| #include <stdio.h>
| #if HAVE_SYS_TYPES_H
| # include <sys/types.h>
| #endif
| #if HAVE_SYS_STAT_H
| # include <sys/stat.h>
| #endif
| #if STDC_HEADERS
| # include <stdlib.h>
| # include <stddef.h>
| #else
| # if HAVE_STDLIB_H
| #  include <stdlib.h>
| # endif
| #endif
| #if HAVE_STRING_H
| # if !STDC_HEADERS && HAVE_MEMORY_H
| #  include <memory.h>
| # endif
| # include <string.h>
| #endif
| #if HAVE_STRINGS_H
| # include <strings.h>
| #endif
| #if HAVE_INTTYPES_H
| # include <inttypes.h>
| #else
| # if HAVE_STDINT_H
| #  include <stdint.h>
| # endif
| #endif
| #if HAVE_UNISTD_H
| # include <unistd.h>
| #endif
| int
| main ()
| {
| if ((int32 *) 0)
|   return 0;
| if (sizeof (int32))
|   return 0;
|   ;
|   return 0;
| }
configure:11886: result: no
configure:11898: checking for uint32
configure:11923: gcc -c -g -O2  conftest.c >&5
configure: In function `main':
configure:11980: error: `uint32' undeclared (first use in this function)
configure:11980: error: (Each undeclared identifier is reported only once
configure:11980: error: for each function it appears in.)
configure:11980: error: parse error before ')' token
configure:11926: $? = 1
configure: failed program was:
| #line 11903 "configure"
| /* confdefs.h.  */
| 
| #define PACKAGE_NAME ""
| #define PACKAGE_TARNAME ""
| #define PACKAGE_VERSION ""
| #define PACKAGE_STRING ""
| #define PACKAGE_BUGREPORT ""
| #define STDC_HEADERS 1
| #define HAVE_SYS_TYPES_H 1
| #define HAVE_SYS_STAT_H 1
| #define HAVE_STDLIB_H 1
| #define HAVE_STRING_H 1
| #define HAVE_MEMORY_H 1
| #define HAVE_STRINGS_H 1
| #define HAVE_INTTYPES_H 1
| #define HAVE_STDINT_H 1
| #define HAVE_UNISTD_H 1
| #define HAVE_DLFCN_H 1
| #define HAVE_LIBM 1
| #define STDC_HEADERS 1
| #define HAVE_STRING_H 1
| #define HAVE_MATH_H 1
| #define HAVE_LIBMAGICK 1
| #define HAVE_LIBMAGICK 1
| #define SIZEOF_SHORT 2
| #define SIZEOF_UNSIGNED_SHORT 2
| #define SIZEOF_INT 4
| #define SIZEOF_UNSIGNED_INT 4
| #define SIZEOF_LONG 4
| #define SIZEOF_UNSIGNED_LONG 4
| #define SIZEOF_LONG_LONG 8
| #define SIZEOF_UNSIGNED_LONG_LONG 8
| #define byte char
| #define ubyte unsigned char
| #define int8 char
| #define uint8 unsigned char
| #define int16 short
| #define uint16 unsigned short
| #define int32 int
| /* end confdefs.h.  */
| #include <stdio.h>
| #if HAVE_SYS_TYPES_H
| # include <sys/types.h>
| #endif
| #if HAVE_SYS_STAT_H
| # include <sys/stat.h>
| #endif
| #if STDC_HEADERS
| # include <stdlib.h>
| # include <stddef.h>
| #else
| # if HAVE_STDLIB_H
| #  include <stdlib.h>
| # endif
| #endif
| #if HAVE_STRING_H
| # if !STDC_HEADERS && HAVE_MEMORY_H
| #  include <memory.h>
| # endif
| # include <string.h>
| #endif
| #if HAVE_STRINGS_H
| # include <strings.h>
| #endif
| #if HAVE_INTTYPES_H
| # include <inttypes.h>
| #else
| # if HAVE_STDINT_H
| #  include <stdint.h>
| # endif
| #endif
| #if HAVE_UNISTD_H
| # include <unistd.h>
| #endif
| int
| main ()
| {
| if ((uint32 *) 0)
|   return 0;
| if (sizeof (uint32))
|   return 0;
|   ;
|   return 0;
| }
configure:11943: result: no
configure:11955: checking for int64
configure:11980: gcc -c -g -O2  conftest.c >&5
configure: In function `main':
configure:12038: error: `int64' undeclared (first use in this function)
configure:12038: error: (Each undeclared identifier is reported only once
configure:12038: error: for each function it appears in.)
configure:12038: error: parse error before ')' token
configure:11983: $? = 1
configure: failed program was:
| #line 11960 "configure"
| /* confdefs.h.  */
| 
| #define PACKAGE_NAME ""
| #define PACKAGE_TARNAME ""
| #define PACKAGE_VERSION ""
| #define PACKAGE_STRING ""
| #define PACKAGE_BUGREPORT ""
| #define STDC_HEADERS 1
| #define HAVE_SYS_TYPES_H 1
| #define HAVE_SYS_STAT_H 1
| #define HAVE_STDLIB_H 1
| #define HAVE_STRING_H 1
| #define HAVE_MEMORY_H 1
| #define HAVE_STRINGS_H 1
| #define HAVE_INTTYPES_H 1
| #define HAVE_STDINT_H 1
| #define HAVE_UNISTD_H 1
| #define HAVE_DLFCN_H 1
| #define HAVE_LIBM 1
| #define STDC_HEADERS 1
| #define HAVE_STRING_H 1
| #define HAVE_MATH_H 1
| #define HAVE_LIBMAGICK 1
| #define HAVE_LIBMAGICK 1
| #define SIZEOF_SHORT 2
| #define SIZEOF_UNSIGNED_SHORT 2
| #define SIZEOF_INT 4
| #define SIZEOF_UNSIGNED_INT 4
| #define SIZEOF_LONG 4
| #define SIZEOF_UNSIGNED_LONG 4
| #define SIZEOF_LONG_LONG 8
| #define SIZEOF_UNSIGNED_LONG_LONG 8
| #define byte char
| #define ubyte unsigned char
| #define int8 char
| #define uint8 unsigned char
| #define int16 short
| #define uint16 unsigned short
| #define int32 int
| #define uint32 unsigned int
| /* end confdefs.h.  */
| #include <stdio.h>
| #if HAVE_SYS_TYPES_H
| # include <sys/types.h>
| #endif
| #if HAVE_SYS_STAT_H
| # include <sys/stat.h>
| #endif
| #if STDC_HEADERS
| # include <stdlib.h>
| # include <stddef.h>
| #else
| # if HAVE_STDLIB_H
| #  include <stdlib.h>
| # endif
| #endif
| #if HAVE_STRING_H
| # if !STDC_HEADERS && HAVE_MEMORY_H
| #  include <memory.h>
| # endif
| # include <string.h>
| #endif
| #if HAVE_STRINGS_H
| # include <strings.h>
| #endif
| #if HAVE_INTTYPES_H
| # include <inttypes.h>
| #else
| # if HAVE_STDINT_H
| #  include <stdint.h>
| # endif
| #endif
| #if HAVE_UNISTD_H
| # include <unistd.h>
| #endif
| int
| main ()
| {
| if ((int64 *) 0)
|   return 0;
| if (sizeof (int64))
|   return 0;
|   ;
|   return 0;
| }
configure:12000: result: no
configure:12012: checking for __int64
configure:12037: gcc -c -g -O2  conftest.c >&5
configure: In function `main':
configure:12096: error: `__int64' undeclared (first use in this function)
configure:12096: error: (Each undeclared identifier is reported only once
configure:12096: error: for each function it appears in.)
configure:12096: error: parse error before ')' token
configure:12040: $? = 1
configure: failed program was:
| #line 12017 "configure"
| /* confdefs.h.  */
| 
| #define PACKAGE_NAME ""
| #define PACKAGE_TARNAME ""
| #define PACKAGE_VERSION ""
| #define PACKAGE_STRING ""
| #define PACKAGE_BUGREPORT ""
| #define STDC_HEADERS 1
| #define HAVE_SYS_TYPES_H 1
| #define HAVE_SYS_STAT_H 1
| #define HAVE_STDLIB_H 1
| #define HAVE_STRING_H 1
| #define HAVE_MEMORY_H 1
| #define HAVE_STRINGS_H 1
| #define HAVE_INTTYPES_H 1
| #define HAVE_STDINT_H 1
| #define HAVE_UNISTD_H 1
| #define HAVE_DLFCN_H 1
| #define HAVE_LIBM 1
| #define STDC_HEADERS 1
| #define HAVE_STRING_H 1
| #define HAVE_MATH_H 1
| #define HAVE_LIBMAGICK 1
| #define HAVE_LIBMAGICK 1
| #define SIZEOF_SHORT 2
| #define SIZEOF_UNSIGNED_SHORT 2
| #define SIZEOF_INT 4
| #define SIZEOF_UNSIGNED_INT 4
| #define SIZEOF_LONG 4
| #define SIZEOF_UNSIGNED_LONG 4
| #define SIZEOF_LONG_LONG 8
| #define SIZEOF_UNSIGNED_LONG_LONG 8
| #define byte char
| #define ubyte unsigned char
| #define int8 char
| #define uint8 unsigned char
| #define int16 short
| #define uint16 unsigned short
| #define int32 int
| #define uint32 unsigned int
| #define int64 long
| /* end confdefs.h.  */
| #include <stdio.h>
| #if HAVE_SYS_TYPES_H
| # include <sys/types.h>
| #endif
| #if HAVE_SYS_STAT_H
| # include <sys/stat.h>
| #endif
| #if STDC_HEADERS
| # include <stdlib.h>
| # include <stddef.h>
| #else
| # if HAVE_STDLIB_H
| #  include <stdlib.h>
| # endif
| #endif
| #if HAVE_STRING_H
| # if !STDC_HEADERS && HAVE_MEMORY_H
| #  include <memory.h>
| # endif
| # include <string.h>
| #endif
| #if HAVE_STRINGS_H
| # include <strings.h>
| #endif
| #if HAVE_INTTYPES_H
| # include <inttypes.h>
| #else
| # if HAVE_STDINT_H
| #  include <stdint.h>
| # endif
| #endif
| #if HAVE_UNISTD_H
| # include <unistd.h>
| #endif
| int
| main ()
| {
| if ((__int64 *) 0)
|   return 0;
| if (sizeof (__int64))
|   return 0;
|   ;
|   return 0;
| }
configure:12057: result: no
configure:12069: checking for uint64
configure:12094: gcc -c -g -O2  conftest.c >&5
configure: In function `main':
configure:12154: error: `uint64' undeclared (first use in this function)
configure:12154: error: (Each undeclared identifier is reported only once
configure:12154: error: for each function it appears in.)
configure:12154: error: parse error before ')' token
configure:12097: $? = 1
configure: failed program was:
| #line 12074 "configure"
| /* confdefs.h.  */
| 
| #define PACKAGE_NAME ""
| #define PACKAGE_TARNAME ""
| #define PACKAGE_VERSION ""
| #define PACKAGE_STRING ""
| #define PACKAGE_BUGREPORT ""
| #define STDC_HEADERS 1
| #define HAVE_SYS_TYPES_H 1
| #define HAVE_SYS_STAT_H 1
| #define HAVE_STDLIB_H 1
| #define HAVE_STRING_H 1
| #define HAVE_MEMORY_H 1
| #define HAVE_STRINGS_H 1
| #define HAVE_INTTYPES_H 1
| #define HAVE_STDINT_H 1
| #define HAVE_UNISTD_H 1
| #define HAVE_DLFCN_H 1
| #define HAVE_LIBM 1
| #define STDC_HEADERS 1
| #define HAVE_STRING_H 1
| #define HAVE_MATH_H 1
| #define HAVE_LIBMAGICK 1
| #define HAVE_LIBMAGICK 1
| #define SIZEOF_SHORT 2
| #define SIZEOF_UNSIGNED_SHORT 2
| #define SIZEOF_INT 4
| #define SIZEOF_UNSIGNED_INT 4
| #define SIZEOF_LONG 4
| #define SIZEOF_UNSIGNED_LONG 4
| #define SIZEOF_LONG_LONG 8
| #define SIZEOF_UNSIGNED_LONG_LONG 8
| #define byte char
| #define ubyte unsigned char
| #define int8 char
| #define uint8 unsigned char
| #define int16 short
| #define uint16 unsigned short
| #define int32 int
| #define uint32 unsigned int
| #define int64 long
| #define __int64 long long
| /* end confdefs.h.  */
| #include <stdio.h>
| #if HAVE_SYS_TYPES_H
| # include <sys/types.h>
| #endif
| #if HAVE_SYS_STAT_H
| # include <sys/stat.h>
| #endif
| #if STDC_HEADERS
| # include <stdlib.h>
| # include <stddef.h>
| #else
| # if HAVE_STDLIB_H
| #  include <stdlib.h>
| # endif
| #endif
| #if HAVE_STRING_H
| # if !STDC_HEADERS && HAVE_MEMORY_H
| #  include <memory.h>
| # endif
| # include <string.h>
| #endif
| #if HAVE_STRINGS_H
| # include <strings.h>
| #endif
| #if HAVE_INTTYPES_H
| # include <inttypes.h>
| #else
| # if HAVE_STDINT_H
| #  include <stdint.h>
| # endif
| #endif
| #if HAVE_UNISTD_H
| # include <unistd.h>
| #endif
| int
| main ()
| {
| if ((uint64 *) 0)
|   return 0;
| if (sizeof (uint64))
|   return 0;
|   ;
|   return 0;
| }
configure:12114: result: no
configure:12126: checking for float32
configure:12151: gcc -c -g -O2  conftest.c >&5
configure: In function `main':
configure:12212: error: `float32' undeclared (first use in this function)
configure:12212: error: (Each undeclared identifier is reported only once
configure:12212: error: for each function it appears in.)
configure:12212: error: parse error before ')' token
configure:12154: $? = 1
configure: failed program was:
| #line 12131 "configure"
| /* confdefs.h.  */
| 
| #define PACKAGE_NAME ""
| #define PACKAGE_TARNAME ""
| #define PACKAGE_VERSION ""
| #define PACKAGE_STRING ""
| #define PACKAGE_BUGREPORT ""
| #define STDC_HEADERS 1
| #define HAVE_SYS_TYPES_H 1
| #define HAVE_SYS_STAT_H 1
| #define HAVE_STDLIB_H 1
| #define HAVE_STRING_H 1
| #define HAVE_MEMORY_H 1
| #define HAVE_STRINGS_H 1
| #define HAVE_INTTYPES_H 1
| #define HAVE_STDINT_H 1
| #define HAVE_UNISTD_H 1
| #define HAVE_DLFCN_H 1
| #define HAVE_LIBM 1
| #define STDC_HEADERS 1
| #define HAVE_STRING_H 1
| #define HAVE_MATH_H 1
| #define HAVE_LIBMAGICK 1
| #define HAVE_LIBMAGICK 1
| #define SIZEOF_SHORT 2
| #define SIZEOF_UNSIGNED_SHORT 2
| #define SIZEOF_INT 4
| #define SIZEOF_UNSIGNED_INT 4
| #define SIZEOF_LONG 4
| #define SIZEOF_UNSIGNED_LONG 4
| #define SIZEOF_LONG_LONG 8
| #define SIZEOF_UNSIGNED_LONG_LONG 8
| #define byte char
| #define ubyte unsigned char
| #define int8 char
| #define uint8 unsigned char
| #define int16 short
| #define uint16 unsigned short
| #define int32 int
| #define uint32 unsigned int
| #define int64 long
| #define __int64 long long
| #define uint64 unsigned long
| /* end confdefs.h.  */
| #include <stdio.h>
| #if HAVE_SYS_TYPES_H
| # include <sys/types.h>
| #endif
| #if HAVE_SYS_STAT_H
| # include <sys/stat.h>
| #endif
| #if STDC_HEADERS
| # include <stdlib.h>
| # include <stddef.h>
| #else
| # if HAVE_STDLIB_H
| #  include <stdlib.h>
| # endif
| #endif
| #if HAVE_STRING_H
| # if !STDC_HEADERS && HAVE_MEMORY_H
| #  include <memory.h>
| # endif
| # include <string.h>
| #endif
| #if HAVE_STRINGS_H
| # include <strings.h>
| #endif
| #if HAVE_INTTYPES_H
| # include <inttypes.h>
| #else
| # if HAVE_STDINT_H
| #  include <stdint.h>
| # endif
| #endif
| #if HAVE_UNISTD_H
| # include <unistd.h>
| #endif
| int
| main ()
| {
| if ((float32 *) 0)
|   return 0;
| if (sizeof (float32))
|   return 0;
|   ;
|   return 0;
| }
configure:12171: result: no
configure:12183: checking for float64
configure:12208: gcc -c -g -O2  conftest.c >&5
configure: In function `main':
configure:12270: error: `float64' undeclared (first use in this function)
configure:12270: error: (Each undeclared identifier is reported only once
configure:12270: error: for each function it appears in.)
configure:12270: error: parse error before ')' token
configure:12211: $? = 1
configure: failed program was:
| #line 12188 "configure"
| /* confdefs.h.  */
| 
| #define PACKAGE_NAME ""
| #define PACKAGE_TARNAME ""
| #define PACKAGE_VERSION ""
| #define PACKAGE_STRING ""
| #define PACKAGE_BUGREPORT ""
| #define STDC_HEADERS 1
| #define HAVE_SYS_TYPES_H 1
| #define HAVE_SYS_STAT_H 1
| #define HAVE_STDLIB_H 1
| #define HAVE_STRING_H 1
| #define HAVE_MEMORY_H 1
| #define HAVE_STRINGS_H 1
| #define HAVE_INTTYPES_H 1
| #define HAVE_STDINT_H 1
| #define HAVE_UNISTD_H 1
| #define HAVE_DLFCN_H 1
| #define HAVE_LIBM 1
| #define STDC_HEADERS 1
| #define HAVE_STRING_H 1
| #define HAVE_MATH_H 1
| #define HAVE_LIBMAGICK 1
| #define HAVE_LIBMAGICK 1
| #define SIZEOF_SHORT 2
| #define SIZEOF_UNSIGNED_SHORT 2
| #define SIZEOF_INT 4
| #define SIZEOF_UNSIGNED_INT 4
| #define SIZEOF_LONG 4
| #define SIZEOF_UNSIGNED_LONG 4
| #define SIZEOF_LONG_LONG 8
| #define SIZEOF_UNSIGNED_LONG_LONG 8
| #define byte char
| #define ubyte unsigned char
| #define int8 char
| #define uint8 unsigned char
| #define int16 short
| #define uint16 unsigned short
| #define int32 int
| #define uint32 unsigned int
| #define int64 long
| #define __int64 long long
| #define uint64 unsigned long
| #define float32 float
| /* end confdefs.h.  */
| #include <stdio.h>
| #if HAVE_SYS_TYPES_H
| # include <sys/types.h>
| #endif
| #if HAVE_SYS_STAT_H
| # include <sys/stat.h>
| #endif
| #if STDC_HEADERS
| # include <stdlib.h>
| # include <stddef.h>
| #else
| # if HAVE_STDLIB_H
| #  include <stdlib.h>
| # endif
| #endif
| #if HAVE_STRING_H
| # if !STDC_HEADERS && HAVE_MEMORY_H
| #  include <memory.h>
| # endif
| # include <string.h>
| #endif
| #if HAVE_STRINGS_H
| # include <strings.h>
| #endif
| #if HAVE_INTTYPES_H
| # include <inttypes.h>
| #else
| # if HAVE_STDINT_H
| #  include <stdint.h>
| # endif
| #endif
| #if HAVE_UNISTD_H
| # include <unistd.h>
| #endif
| int
| main ()
| {
| if ((float64 *) 0)
|   return 0;
| if (sizeof (float64))
|   return 0;
|   ;
|   return 0;
| }
configure:12228: result: no
configure:12353: creating ./config.status

## ---------------------- ##
## Running config.status. ##
## ---------------------- ##

This file was extended by config.status, which was
generated by GNU Autoconf 2.57.  Invocation command line was

  CONFIG_FILES    = 
  CONFIG_HEADERS  = 
  CONFIG_LINKS    = 
  CONFIG_COMMANDS = 
  $ ./config.status 

on strogoff

config.status:679: creating Makefile
config.status:679: creating src/Makefile
config.status:679: creating include/Makefile
config.status:679: creating demos/Makefile
config.status:783: creating include/config.h
config.status:956: include/config.h is unchanged
config.status:1078: executing depfiles commands

## ---------------- ##
## Cache variables. ##
## ---------------- ##

ac_cv_build=i686-pc-linux-gnu
ac_cv_build_alias=i686-pc-linux-gnu
ac_cv_c_compiler_gnu=yes
ac_cv_env_CC_set=
ac_cv_env_CC_value=
ac_cv_env_CFLAGS_set=
ac_cv_env_CFLAGS_value=
ac_cv_env_CPPFLAGS_set=
ac_cv_env_CPPFLAGS_value=
ac_cv_env_CPP_set=
ac_cv_env_CPP_value=
ac_cv_env_LDFLAGS_set=
ac_cv_env_LDFLAGS_value=
ac_cv_env_build_alias_set=
ac_cv_env_build_alias_value=
ac_cv_env_host_alias_set=
ac_cv_env_host_alias_value=
ac_cv_env_target_alias_set=
ac_cv_env_target_alias_value=
ac_cv_exeext=
ac_cv_header_dlfcn_h=yes
ac_cv_header_inttypes_h=yes
ac_cv_header_magick_api_h=yes
ac_cv_header_math_h=yes
ac_cv_header_memory_h=yes
ac_cv_header_stdc=yes
ac_cv_header_stdint_h=yes
ac_cv_header_stdlib_h=yes
ac_cv_header_string_h=yes
ac_cv_header_strings_h=yes
ac_cv_header_sys_stat_h=yes
ac_cv_header_sys_types_h=yes
ac_cv_header_unistd_h=yes
ac_cv_host=i686-pc-linux-gnu
ac_cv_host_alias=i686-pc-linux-gnu
ac_cv_lib_Magick_ExportImagePixels=yes
ac_cv_lib_Magick_ImportImagePixels=yes
ac_cv_lib_m_cos=yes
ac_cv_objext=o
ac_cv_path_install='/bin/install -c'
ac_cv_prog_AWK=gawk
ac_cv_prog_CPP='gcc -E'
ac_cv_prog_ac_ct_CC=gcc
ac_cv_prog_ac_ct_RANLIB=ranlib
ac_cv_prog_ac_ct_STRIP=strip
ac_cv_prog_cc_g=yes
ac_cv_prog_cc_stdc=
ac_cv_prog_egrep='grep -E'
ac_cv_prog_make_make_set=yes
ac_cv_sizeof_int=4
ac_cv_sizeof_long=4
ac_cv_sizeof_long_long=8
ac_cv_sizeof_short=2
ac_cv_sizeof_unsigned_int=4
ac_cv_sizeof_unsigned_long=4
ac_cv_sizeof_unsigned_long_long=8
ac_cv_sizeof_unsigned_short=2
ac_cv_target=i686-pc-linux-gnu
ac_cv_target_alias=i686-pc-linux-gnu
ac_cv_type___int64=no
ac_cv_type_byte=no
ac_cv_type_float32=no
ac_cv_type_float64=no
ac_cv_type_int=yes
ac_cv_type_int16=no
ac_cv_type_int32=no
ac_cv_type_int64=no
ac_cv_type_int8=no
ac_cv_type_long=yes
ac_cv_type_long_long=yes
ac_cv_type_short=yes
ac_cv_type_ubyte=no
ac_cv_type_uint=yes
ac_cv_type_uint16=no
ac_cv_type_uint32=no
ac_cv_type_uint64=no
ac_cv_type_uint8=no
ac_cv_type_ulong=yes
ac_cv_type_unsigned_int=yes
ac_cv_type_unsigned_long=yes
ac_cv_type_unsigned_long_long=yes
ac_cv_type_unsigned_short=yes
ac_cv_type_ushort=yes
am_cv_CC_dependencies_compiler_type=gcc3
lt_cv_archive_cmds_need_lc=no
lt_cv_compiler_c_o=yes
lt_cv_compiler_o_lo=yes
lt_cv_deplibs_check_method=pass_all
lt_cv_file_magic_cmd='$MAGIC_CMD'
lt_cv_file_magic_test_file='/lib/libc.so.6 /lib/libc-2.2.5.so /lib/libc-2.3.2.so'
lt_cv_global_symbol_to_c_name_address='sed -n -e '\''s/^: \([^ ]*\) $/  {\"\1\", (lt_ptr) 0},/p'\'' -e '\''s/^[BCDEGRST] \([^ ]*\) \([^ ]*\)$/  {"\2", (lt_ptr) \&\2},/p'\'''
lt_cv_global_symbol_to_cdecl='sed -n -e '\''s/^. .* \(.*\)$/extern char \1;/p'\'''
lt_cv_ld_reload_flag=-r
lt_cv_path_LD=/usr/bin/ld
lt_cv_path_NM='/usr/bin/nm -B'
lt_cv_prog_cc_can_build_shared=yes
lt_cv_prog_cc_no_builtin=
lt_cv_prog_cc_pic=' -fPIC'
lt_cv_prog_cc_pic_works=yes
lt_cv_prog_cc_shlib=
lt_cv_prog_cc_static=-static
lt_cv_prog_cc_static_works=yes
lt_cv_prog_cc_wl=-Wl,
lt_cv_prog_gnu_ld=yes
lt_cv_sys_global_symbol_pipe='sed -n -e '\''s/^.*[ 	]\([ABCDGISTW][ABCDGISTW]*\)[ 	][ 	]*\(\)\([_A-Za-z][_A-Za-z0-9]*\)$/\1 \2\3 \3/p'\'''

## ----------------- ##
## Output variables. ##
## ----------------- ##

ACLOCAL='${SHELL} /home/jdehaan/fvs/cvs/fvs/missing --run aclocal-1.7'
AMDEPBACKSLASH='\'
AMDEP_FALSE='#'
AMDEP_TRUE=''
AMTAR='${SHELL} /home/jdehaan/fvs/cvs/fvs/missing --run tar'
AUTOCONF='${SHELL} /home/jdehaan/fvs/cvs/fvs/missing --run autoconf'
AUTOHEADER='${SHELL} /home/jdehaan/fvs/cvs/fvs/missing --run autoheader'
AUTOMAKE='${SHELL} /home/jdehaan/fvs/cvs/fvs/missing --run automake-1.7'
AWK='gawk'
CC='gcc'
CCDEPMODE='depmode=gcc3'
CFLAGS='-g -O2'
CPP='gcc -E'
CPPFLAGS=''
CYGPATH_W='echo'
DEFS='-DHAVE_CONFIG_H'
DEPDIR='.deps'
ECHO='echo'
ECHO_C=''
ECHO_N='-n'
ECHO_T=''
EGREP='grep -E'
EXEEXT=''
INSTALL_DATA='${INSTALL} -m 644'
INSTALL_PROGRAM='${INSTALL}'
INSTALL_SCRIPT='${INSTALL}'
INSTALL_STRIP_PROGRAM='${SHELL} $(install_sh) -c -s'
LDFLAGS=''
LIBOBJS=''
LIBRARY_AGE='0'
LIBRARY_CURRENT='0'
LIBRARY_REVISION='0'
LIBS='-lm '
LIBTOOL='$(SHELL) $(top_builddir)/libtool'
LN_S='ln -s'
LTLIBOBJS=''
MAKEINFO='${SHELL} /home/jdehaan/fvs/cvs/fvs/missing --run makeinfo'
OBJEXT='o'
PACKAGE='FVS'
PACKAGE_BUGREPORT=''
PACKAGE_LIB_VERSION='0x0110'
PACKAGE_LIB_VERSION_NUMBER='0,1,1,0'
PACKAGE_NAME='FVS'
PACKAGE_RELEASE_DATE='03/12/04'
PACKAGE_STRING=''
PACKAGE_TARNAME=''
PACKAGE_VERSION='0.1.1'
PACKAGE_VERSION_ADDENDUM=''
PATH_SEPARATOR=':'
RANLIB='ranlib'
SET_MAKE=''
SHELL='/bin/sh'
STRIP='strip'
VERSION='0.1.1'
ac_ct_CC='gcc'
ac_ct_RANLIB='ranlib'
ac_ct_STRIP='strip'
am__fastdepCC_FALSE='#'
am__fastdepCC_TRUE=''
am__include='include'
am__leading_dot='.'
am__quote=''
bindir='${exec_prefix}/bin'
build='i686-pc-linux-gnu'
build_alias=''
build_cpu='i686'
build_os='linux-gnu'
build_vendor='pc'
datadir='${prefix}/share'
exec_prefix='${prefix}'
host='i686-pc-linux-gnu'
host_alias=''
host_cpu='i686'
host_os='linux-gnu'
host_vendor='pc'
includedir='${prefix}/include'
infodir='${prefix}/info'
install_sh='/home/jdehaan/fvs/cvs/fvs/install-sh'
libdir='${exec_prefix}/lib'
libexecdir='${exec_prefix}/libexec'
localstatedir='${prefix}/var'
mandir='${prefix}/man'
oldincludedir='/usr/include'
prefix='/usr/local'
program_transform_name='s,x,x,'
sbindir='${exec_prefix}/sbin'
sharedstatedir='${prefix}/com'
sysconfdir='${prefix}/etc'
target='i686-pc-linux-gnu'
target_alias=''
target_cpu='i686'
target_os='linux-gnu'
target_vendor='pc'

## ----------- ##
## confdefs.h. ##
## ----------- ##

#define HAVE_DLFCN_H 1
#define HAVE_INTTYPES_H 1
#define HAVE_LIBM 1
#define HAVE_LIBMAGICK 1
#define HAVE_LIBMAGICK 1
#define HAVE_MATH_H 1
#define HAVE_MEMORY_H 1
#define HAVE_STDINT_H 1
#define HAVE_STDLIB_H 1
#define HAVE_STRINGS_H 1
#define HAVE_STRING_H 1
#define HAVE_STRING_H 1
#define HAVE_SYS_STAT_H 1
#define HAVE_SYS_TYPES_H 1
#define HAVE_UNISTD_H 1
#define PACKAGE_BUGREPORT ""
#define PACKAGE_NAME ""
#define PACKAGE_STRING ""
#define PACKAGE_TARNAME ""
#define PACKAGE_VERSION ""
#define SIZEOF_INT 4
#define SIZEOF_LONG 4
#define SIZEOF_LONG_LONG 8
#define SIZEOF_SHORT 2
#define SIZEOF_UNSIGNED_INT 4
#define SIZEOF_UNSIGNED_LONG 4
#define SIZEOF_UNSIGNED_LONG_LONG 8
#define SIZEOF_UNSIGNED_SHORT 2
#define STDC_HEADERS 1
#define STDC_HEADERS 1
#define __int64 long long
#define byte char
#define float32 float
#define float64 double
#define int16 short
#define int32 int
#define int64 long
#define int8 char
#define ubyte unsigned char
#define uint16 unsigned short
#define uint32 unsigned int
#define uint64 unsigned long
#define uint8 unsigned char

configure: exit 0
